Using pre-set license
Built from '2020.3/staging' branch; Version is '2020.3.14f1 (d0d1bb862f9d) revision 13685179'; Using compiler version '192528614'; Build Type 'Release'
OS: 'Windows 10 Pro; OS build 19042.1110; Version 2009; 64bit' Language: 'en' Physical Memory: 32694 MB
BatchMode: 1, IsHumanControllingUs: 0, StartBugReporterOnCrash: 0, Is64bit: 1, IsPro: 0

 COMMAND LINE ARGUMENTS:
C:\Program Files\Unity\Hub\Editor\2020.3.14f1\Editor\Unity.exe
-adb2
-batchMode
-noUpm
-name
AssetImportWorker0
-projectPath
C:/Users/ranic/OneDrive/Desktop/0x01-unity_concepts
-logFile
Logs/AssetImportWorker0.log
-srvPort
60473
Successfully changed project path to: C:/Users/ranic/OneDrive/Desktop/0x01-unity_concepts
C:/Users/ranic/OneDrive/Desktop/0x01-unity_concepts
Using Asset Import Pipeline V2.
Refreshing native plugins compatible for Editor in 23.46 ms, found 2 plugins.
Preloading 0 native plugins for Editor in 0.00 ms.
Initialize engine version: 2020.3.14f1 (d0d1bb862f9d)
[Subsystems] Discovering subsystems at path C:/Program Files/Unity/Hub/Editor/2020.3.14f1/Editor/Data/Resources/UnitySubsystems
[Subsystems] Discovering subsystems at path C:/Users/ranic/OneDrive/Desktop/0x01-unity_concepts/Assets
GfxDevice: creating device client; threaded=0
Direct3D:
    Version:  Direct3D 11.0 [level 11.1]
    Renderer: NVIDIA GeForce GTX 1660 Ti (ID=0x2182)
    Vendor:   
    VRAM:     5991 MB
    Driver:   27.21.14.6192
Initialize mono
Mono path[0] = 'C:/Program Files/Unity/Hub/Editor/2020.3.14f1/Editor/Data/Managed'
Mono path[1] = 'C:/Program Files/Unity/Hub/Editor/2020.3.14f1/Editor/Data/MonoBleedingEdge/lib/mono/unityjit'
Mono config path = 'C:/Program Files/Unity/Hub/Editor/2020.3.14f1/Editor/Data/MonoBleedingEdge/etc'
Using monoOptions --debugger-agent=transport=dt_socket,embedding=1,server=y,suspend=n,address=127.0.0.1:56844
Begin MonoManager ReloadAssembly
Registering precompiled unity dll's ...
Register platform support module: C:/Program Files/Unity/Hub/Editor/2020.3.14f1/Editor/Data/PlaybackEngines/WindowsStandaloneSupport/UnityEditor.WindowsStandalone.Extensions.dll
Register platform support module: C:/Program Files/Unity/Hub/Editor/2020.3.14f1/Editor/Data/PlaybackEngines/LinuxStandaloneSupport/UnityEditor.LinuxStandalone.Extensions.dll
Registered in 0.002185 seconds.
Native extension for LinuxStandalone target not found
Native extension for WindowsStandalone target not found
Refreshing native plugins compatible for Editor in 22.83 ms, found 2 plugins.
Preloading 0 native plugins for Editor in 0.00 ms.
Mono: successfully reloaded assembly
- Completed reload, in  0.877 seconds
Domain Reload Profiling:
	ReloadAssembly (877ms)
		BeginReloadAssembly (45ms)
			ExecutionOrderSort (0ms)
			DisableScriptedObjects (0ms)
			BackupInstance (0ms)
			ReleaseScriptingObjects (0ms)
			CreateAndSetChildDomain (1ms)
		EndReloadAssembly (317ms)
			LoadAssemblies (43ms)
			RebuildTransferFunctionScriptingTraits (0ms)
			SetupTypeCache (120ms)
			ReleaseScriptCaches (0ms)
			RebuildScriptCaches (25ms)
			SetupLoadedEditorAssemblies (119ms)
				LogAssemblyErrors (0ms)
				InitializePlatformSupportModulesInManaged (5ms)
				SetLoadedEditorAssemblies (0ms)
				RefreshPlugins (23ms)
				BeforeProcessingInitializeOnLoad (5ms)
				ProcessInitializeOnLoadAttributes (64ms)
				ProcessInitializeOnLoadMethodAttributes (21ms)
				AfterProcessingInitializeOnLoad (0ms)
				EditorAssembliesLoaded (0ms)
			ExecutionOrderSort2 (0ms)
			AwakeInstancesAfterBackupRestoration (0ms)
Platform modules already initialized, skipping
Registering precompiled user dll's ...
Registered in 0.003350 seconds.
Begin MonoManager ReloadAssembly
Native extension for LinuxStandalone target not found
Native extension for WindowsStandalone target not found
Refreshing native plugins compatible for Editor in 0.29 ms, found 2 plugins.
Preloading 0 native plugins for Editor in 0.00 ms.
Mono: successfully reloaded assembly
- Completed reload, in  0.777 seconds
Domain Reload Profiling:
	ReloadAssembly (777ms)
		BeginReloadAssembly (120ms)
			ExecutionOrderSort (0ms)
			DisableScriptedObjects (4ms)
			BackupInstance (0ms)
			ReleaseScriptingObjects (0ms)
			CreateAndSetChildDomain (16ms)
		EndReloadAssembly (605ms)
			LoadAssemblies (70ms)
			RebuildTransferFunctionScriptingTraits (0ms)
			SetupTypeCache (205ms)
			ReleaseScriptCaches (0ms)
			RebuildScriptCaches (33ms)
			SetupLoadedEditorAssemblies (226ms)
				LogAssemblyErrors (0ms)
				InitializePlatformSupportModulesInManaged (5ms)
				SetLoadedEditorAssemblies (0ms)
				RefreshPlugins (0ms)
				BeforeProcessingInitializeOnLoad (41ms)
				ProcessInitializeOnLoadAttributes (171ms)
				ProcessInitializeOnLoadMethodAttributes (3ms)
				AfterProcessingInitializeOnLoad (5ms)
				EditorAssembliesLoaded (0ms)
			ExecutionOrderSort2 (0ms)
			AwakeInstancesAfterBackupRestoration (6ms)
Platform modules already initialized, skipping
========================================================================
Worker process is ready to serve import requests
Launched and connected shader compiler UnityShaderCompiler.exe after 0.04 seconds
Refreshing native plugins compatible for Editor in 0.32 ms, found 2 plugins.
Preloading 0 native plugins for Editor in 0.00 ms.
Unloading 1390 Unused Serialized files (Serialized files now loaded: 0)
System memory in use before: 64.8 MB.
System memory in use after: 64.9 MB.

Unloading 19 unused Assets to reduce memory usage. Loaded Objects now: 1823.
Total: 1.678600 ms (FindLiveObjects: 0.137300 ms CreateObjectMapping: 0.032100 ms MarkObjects: 1.439800 ms  DeleteObjects: 0.068500 ms)

AssetImportParameters requested are different than current active one (requested -> active):
  custom:framework-win-MediaFoundation: 216162199b28c13a410421893ffa2e32 -> 
  custom:video-decoder-ogg-theora: a1e56fd34408186e4bbccfd4996cb3dc -> 
  custom:container-muxer-webm: aa71ff27fc2769a1b78a27578f13a17b -> 
  custom:container-demuxer-webm: 4f35f7cbe854078d1ac9338744f61a02 -> 
  custom:container-demuxer-ogg: 62fdf1f143b41e24485cea50d1cbac27 -> 
  custom:video-encoder-webm-vp8: eb34c28f22e8b96e1ab97ce403110664 -> 
  custom:video-decoder-webm-vp8: 9c59270c3fd7afecdb556c50c9e8de78 -> 
  custom:audio-decoder-ogg-vorbis: bf7c407c2cedff20999df2af8eb42d56 -> 
  custom:audio-encoder-webm-vorbis: bf7c407c2cedff20999df2af8eb42d56 -> 
========================================================================
Received Import Request.
  path: Assets/Prefabs/Red Ball Variant.prefab
  artifactKey: Guid(4f7f32df23fec6f4a8bf106a09efeb1b) Importer(815301076,1909f56bfc062723c751e8b465ee728b)
Start importing Assets/Prefabs/Red Ball Variant.prefab using Guid(4f7f32df23fec6f4a8bf106a09efeb1b) Importer(815301076,1909f56bfc062723c751e8b465ee728b)  -> (artifact id: '08ee02bbc8c62d25a782ea35d471694f') in 0.073249 seconds 
  Import took 0.075432 seconds .

========================================================================
Received Import Request.
  Time since last request: 177.903313 seconds.
  path: Assets/Scenes/6-tags.unity
  artifactKey: Guid(61b756cfd75216944bd454bf0305b560) Importer(815301076,1909f56bfc062723c751e8b465ee728b)
Start importing Assets/Scenes/6-tags.unity using Guid(61b756cfd75216944bd454bf0305b560) Importer(815301076,1909f56bfc062723c751e8b465ee728b)  -> (artifact id: '0fea22168f3eb42d138b5ce128835be6') in 0.001911 seconds 
  Import took 0.004090 seconds .

========================================================================
Received Import Request.
  Time since last request: 5.909158 seconds.
  path: Assets/Scenes/6-tags.unity
  artifactKey: Guid(61b756cfd75216944bd454bf0305b560) Importer(815301076,1909f56bfc062723c751e8b465ee728b)
Start importing Assets/Scenes/6-tags.unity using Guid(61b756cfd75216944bd454bf0305b560) Importer(815301076,1909f56bfc062723c751e8b465ee728b)  -> (artifact id: 'cccf667ce0e0e4cfa982e72838dcc17d') in 0.001737 seconds 
  Import took 0.003969 seconds .

========================================================================
Received Import Request.
  Time since last request: 96.714942 seconds.
  path: Assets/Materials/ball-texture 1.mat
  artifactKey: Guid(2ddcfe06324e7874e999daadf2a3f934) Importer(815301076,1909f56bfc062723c751e8b465ee728b)
Start importing Assets/Materials/ball-texture 1.mat using Guid(2ddcfe06324e7874e999daadf2a3f934) Importer(815301076,1909f56bfc062723c751e8b465ee728b)  -> (artifact id: '9f9341875c465db069d975d9675573fc') in 0.027419 seconds 
  Import took 0.029803 seconds .

========================================================================
Received Import Request.
  Time since last request: 0.000299 seconds.
  path: Assets/Materials/ball-texture 2.mat
  artifactKey: Guid(7646ea00c21c23642a0d7fd6343cbc5b) Importer(815301076,1909f56bfc062723c751e8b465ee728b)
Start importing Assets/Materials/ball-texture 2.mat using Guid(7646ea00c21c23642a0d7fd6343cbc5b) Importer(815301076,1909f56bfc062723c751e8b465ee728b)  -> (artifact id: 'db2f78ef3fbf03094dc4ae7d7faf1369') in 0.006280 seconds 
  Import took 0.008351 seconds .

========================================================================
Received Import Request.
  Time since last request: 0.000280 seconds.
  path: Assets/Materials/TexturesCom_Pipe_AluminiumCollapsed_0.30x0.30_512_height.mat
  artifactKey: Guid(e76383e81b864754f8dce82563852447) Importer(815301076,1909f56bfc062723c751e8b465ee728b)
Start importing Assets/Materials/TexturesCom_Pipe_AluminiumCollapsed_0.30x0.30_512_height.mat using Guid(e76383e81b864754f8dce82563852447) Importer(815301076,1909f56bfc062723c751e8b465ee728b)  -> (artifact id: '25a0ea2520654bed7179fbd7d88b6123') in 0.007123 seconds 
  Import took 0.008898 seconds .

========================================================================
Received Import Request.
  Time since last request: 0.000256 seconds.
  path: Assets/Materials/ball-texture 3.mat
  artifactKey: Guid(e931b5ed2cb18cf4d8436f7ffbc3c9a6) Importer(815301076,1909f56bfc062723c751e8b465ee728b)
Start importing Assets/Materials/ball-texture 3.mat using Guid(e931b5ed2cb18cf4d8436f7ffbc3c9a6) Importer(815301076,1909f56bfc062723c751e8b465ee728b)  -> (artifact id: '46dcfe9c2bf87b2eaf20307905ade492') in 0.007028 seconds 
  Import took 0.009027 seconds .

========================================================================
Received Import Request.
  Time since last request: 123.065943 seconds.
  path: Assets/Scenes/5-more_colors.unity
  artifactKey: Guid(6b4a96117a9c1d2468063088b181b3e3) Importer(815301076,1909f56bfc062723c751e8b465ee728b)
Start importing Assets/Scenes/5-more_colors.unity using Guid(6b4a96117a9c1d2468063088b181b3e3) Importer(815301076,1909f56bfc062723c751e8b465ee728b)  -> (artifact id: '322cfb8c81ba50c76392cb7d7f297ac5') in 0.001797 seconds 
  Import took 0.003891 seconds .

========================================================================
Received Import Request.
  Time since last request: 0.000289 seconds.
  path: Assets/Scenes/5-more_colors.unity
  artifactKey: Guid(6b4a96117a9c1d2468063088b181b3e3) Importer(815301076,1909f56bfc062723c751e8b465ee728b)
Start importing Assets/Scenes/5-more_colors.unity using Guid(6b4a96117a9c1d2468063088b181b3e3) Importer(815301076,1909f56bfc062723c751e8b465ee728b)  -> (artifact id: '322cfb8c81ba50c76392cb7d7f297ac5') in 0.001515 seconds 
  Import took 0.003067 seconds .

========================================================================
Received Import Request.
  Time since last request: 4.296627 seconds.
  path: Assets/Scenes/5-more_colors 1.unity
  artifactKey: Guid(fd6d8230a5b22404aac49ba668f00e92) Importer(815301076,1909f56bfc062723c751e8b465ee728b)
Start importing Assets/Scenes/5-more_colors 1.unity using Guid(fd6d8230a5b22404aac49ba668f00e92) Importer(815301076,1909f56bfc062723c751e8b465ee728b)  -> (artifact id: '5c4b3da45dc5db47c72c51ee3dbbbf12') in 0.001748 seconds 
  Import took 0.003969 seconds .

========================================================================
Received Import Request.
  Time since last request: 0.000448 seconds.
  path: Assets/Scenes/5-more_colors 1.unity
  artifactKey: Guid(fd6d8230a5b22404aac49ba668f00e92) Importer(815301076,1909f56bfc062723c751e8b465ee728b)
Start importing Assets/Scenes/5-more_colors 1.unity using Guid(fd6d8230a5b22404aac49ba668f00e92) Importer(815301076,1909f56bfc062723c751e8b465ee728b)  -> (artifact id: '5c4b3da45dc5db47c72c51ee3dbbbf12') in 0.001817 seconds 
  Import took 0.003740 seconds .

========================================================================
Received Import Request.
  Time since last request: 3.494677 seconds.
  path: Assets/Scenes/6-tags.unity
  artifactKey: Guid(fd6d8230a5b22404aac49ba668f00e92) Importer(815301076,1909f56bfc062723c751e8b465ee728b)
Start importing Assets/Scenes/6-tags.unity using Guid(fd6d8230a5b22404aac49ba668f00e92) Importer(815301076,1909f56bfc062723c751e8b465ee728b)  -> (artifact id: '23f525331688732b6f917358ab84f8b8') in 0.001665 seconds 
  Import took 0.003652 seconds .

========================================================================
Received Import Request.
  Time since last request: 26.526439 seconds.
  path: ProjectSettings/TagManager.asset
  artifactKey: Guid(00000000000000003000000000000000) Importer(815301076,1909f56bfc062723c751e8b465ee728b)
Start importing ProjectSettings/TagManager.asset using Guid(00000000000000003000000000000000) Importer(815301076,1909f56bfc062723c751e8b465ee728b)  -> (artifact id: '889c87fb3ddefc092c6b5917f46d9c20') in 0.003657 seconds 
  Import took 0.006188 seconds .

========================================================================
Received Import Request.
  Time since last request: 0.000665 seconds.
  path: ProjectSettings/TagManager.asset
  artifactKey: Guid(00000000000000003000000000000000) Importer(815301076,1909f56bfc062723c751e8b465ee728b)
Start importing ProjectSettings/TagManager.asset using Guid(00000000000000003000000000000000) Importer(815301076,1909f56bfc062723c751e8b465ee728b)  -> (artifact id: '889c87fb3ddefc092c6b5917f46d9c20') in 0.001778 seconds 
  Import took 0.003332 seconds .

========================================================================
Received Import Request.
  Time since last request: 87.569489 seconds.
  path: Assets/Scenes/6-tags.unity
  artifactKey: Guid(fd6d8230a5b22404aac49ba668f00e92) Importer(815301076,1909f56bfc062723c751e8b465ee728b)
Start importing Assets/Scenes/6-tags.unity using Guid(fd6d8230a5b22404aac49ba668f00e92) Importer(815301076,1909f56bfc062723c751e8b465ee728b)  -> (artifact id: '51b1bc6d2e0d53906626e6f837befec2') in 0.001793 seconds 
  Import took 0.004053 seconds .

========================================================================
Received Import Request.
  Time since last request: 2.224720 seconds.
  path: Assets/Scenes/6-tags 1.unity
  artifactKey: Guid(b1639891bf92d4f4e8dabefcc7db0046) Importer(815301076,1909f56bfc062723c751e8b465ee728b)
Start importing Assets/Scenes/6-tags 1.unity using Guid(b1639891bf92d4f4e8dabefcc7db0046) Importer(815301076,1909f56bfc062723c751e8b465ee728b)  -> (artifact id: '3dc6f9acd097e6a007c6eee27d87e3bf') in 0.001946 seconds 
  Import took 0.004231 seconds .

========================================================================
Received Import Request.
  Time since last request: 0.000610 seconds.
  path: Assets/Scenes/6-tags 1.unity
  artifactKey: Guid(b1639891bf92d4f4e8dabefcc7db0046) Importer(815301076,1909f56bfc062723c751e8b465ee728b)
Start importing Assets/Scenes/6-tags 1.unity using Guid(b1639891bf92d4f4e8dabefcc7db0046) Importer(815301076,1909f56bfc062723c751e8b465ee728b)  -> (artifact id: '3dc6f9acd097e6a007c6eee27d87e3bf') in 0.001983 seconds 
  Import took 0.003726 seconds .

========================================================================
Received Import Request.
  Time since last request: 3.247956 seconds.
  path: Assets/Scenes/100-textures.unity
  artifactKey: Guid(b1639891bf92d4f4e8dabefcc7db0046) Importer(815301076,1909f56bfc062723c751e8b465ee728b)
Start importing Assets/Scenes/100-textures.unity using Guid(b1639891bf92d4f4e8dabefcc7db0046) Importer(815301076,1909f56bfc062723c751e8b465ee728b)  -> (artifact id: '6a3041a3a71acda25e9c74534f1c15f6') in 0.001691 seconds 
  Import took 0.004007 seconds .

AssetImportWorkerClient::OnTransportError - code=2 error=End of file
