Using pre-set license
Built from '2020.3/staging' branch; Version is '2020.3.14f1 (d0d1bb862f9d) revision 13685179'; Using compiler version '192528614'; Build Type 'Release'
OS: 'Windows 10 Pro; OS build 19042.1110; Version 2009; 64bit' Language: 'en' Physical Memory: 32694 MB
BatchMode: 1, IsHumanControllingUs: 0, StartBugReporterOnCrash: 0, Is64bit: 1, IsPro: 0

 COMMAND LINE ARGUMENTS:
C:\Program Files\Unity\Hub\Editor\2020.3.14f1\Editor\Unity.exe
-adb2
-batchMode
-noUpm
-name
AssetImportWorker0
-projectPath
C:/Users/ranic/OneDrive/Documents/GitHub/holbertonschool-unity/0x01-unity_concepts
-logFile
Logs/AssetImportWorker0.log
-srvPort
60572
Successfully changed project path to: C:/Users/ranic/OneDrive/Documents/GitHub/holbertonschool-unity/0x01-unity_concepts
C:/Users/ranic/OneDrive/Documents/GitHub/holbertonschool-unity/0x01-unity_concepts
Using Asset Import Pipeline V2.
Refreshing native plugins compatible for Editor in 23.68 ms, found 2 plugins.
Preloading 0 native plugins for Editor in 0.00 ms.
Initialize engine version: 2020.3.14f1 (d0d1bb862f9d)
[Subsystems] Discovering subsystems at path C:/Program Files/Unity/Hub/Editor/2020.3.14f1/Editor/Data/Resources/UnitySubsystems
[Subsystems] Discovering subsystems at path C:/Users/ranic/OneDrive/Documents/GitHub/holbertonschool-unity/0x01-unity_concepts/Assets
GfxDevice: creating device client; threaded=0
Direct3D:
    Version:  Direct3D 11.0 [level 11.1]
    Renderer: NVIDIA GeForce GTX 1660 Ti (ID=0x2182)
    Vendor:   
    VRAM:     5991 MB
    Driver:   27.21.14.6192
Initialize mono
Mono path[0] = 'C:/Program Files/Unity/Hub/Editor/2020.3.14f1/Editor/Data/Managed'
Mono path[1] = 'C:/Program Files/Unity/Hub/Editor/2020.3.14f1/Editor/Data/MonoBleedingEdge/lib/mono/unityjit'
Mono config path = 'C:/Program Files/Unity/Hub/Editor/2020.3.14f1/Editor/Data/MonoBleedingEdge/etc'
Using monoOptions --debugger-agent=transport=dt_socket,embedding=1,server=y,suspend=n,address=127.0.0.1:56428
Begin MonoManager ReloadAssembly
Registering precompiled unity dll's ...
Register platform support module: C:/Program Files/Unity/Hub/Editor/2020.3.14f1/Editor/Data/PlaybackEngines/WindowsStandaloneSupport/UnityEditor.WindowsStandalone.Extensions.dll
Register platform support module: C:/Program Files/Unity/Hub/Editor/2020.3.14f1/Editor/Data/PlaybackEngines/LinuxStandaloneSupport/UnityEditor.LinuxStandalone.Extensions.dll
Registered in 0.002097 seconds.
Native extension for LinuxStandalone target not found
Native extension for WindowsStandalone target not found
Refreshing native plugins compatible for Editor in 22.66 ms, found 2 plugins.
Preloading 0 native plugins for Editor in 0.00 ms.
Mono: successfully reloaded assembly
- Completed reload, in  0.868 seconds
Domain Reload Profiling:
	ReloadAssembly (868ms)
		BeginReloadAssembly (45ms)
			ExecutionOrderSort (0ms)
			DisableScriptedObjects (0ms)
			BackupInstance (0ms)
			ReleaseScriptingObjects (0ms)
			CreateAndSetChildDomain (1ms)
		EndReloadAssembly (308ms)
			LoadAssemblies (43ms)
			RebuildTransferFunctionScriptingTraits (0ms)
			SetupTypeCache (115ms)
			ReleaseScriptCaches (0ms)
			RebuildScriptCaches (25ms)
			SetupLoadedEditorAssemblies (119ms)
				LogAssemblyErrors (0ms)
				InitializePlatformSupportModulesInManaged (5ms)
				SetLoadedEditorAssemblies (0ms)
				RefreshPlugins (23ms)
				BeforeProcessingInitializeOnLoad (5ms)
				ProcessInitializeOnLoadAttributes (65ms)
				ProcessInitializeOnLoadMethodAttributes (21ms)
				AfterProcessingInitializeOnLoad (0ms)
				EditorAssembliesLoaded (0ms)
			ExecutionOrderSort2 (0ms)
			AwakeInstancesAfterBackupRestoration (0ms)
Platform modules already initialized, skipping
Registering precompiled user dll's ...
Registered in 0.003552 seconds.
Begin MonoManager ReloadAssembly
Native extension for LinuxStandalone target not found
Native extension for WindowsStandalone target not found
Refreshing native plugins compatible for Editor in 0.30 ms, found 2 plugins.
Preloading 0 native plugins for Editor in 0.00 ms.
Mono: successfully reloaded assembly
- Completed reload, in  0.772 seconds
Domain Reload Profiling:
	ReloadAssembly (773ms)
		BeginReloadAssembly (124ms)
			ExecutionOrderSort (0ms)
			DisableScriptedObjects (4ms)
			BackupInstance (0ms)
			ReleaseScriptingObjects (0ms)
			CreateAndSetChildDomain (16ms)
		EndReloadAssembly (597ms)
			LoadAssemblies (70ms)
			RebuildTransferFunctionScriptingTraits (0ms)
			SetupTypeCache (202ms)
			ReleaseScriptCaches (0ms)
			RebuildScriptCaches (33ms)
			SetupLoadedEditorAssemblies (224ms)
				LogAssemblyErrors (0ms)
				InitializePlatformSupportModulesInManaged (5ms)
				SetLoadedEditorAssemblies (0ms)
				RefreshPlugins (0ms)
				BeforeProcessingInitializeOnLoad (42ms)
				ProcessInitializeOnLoadAttributes (168ms)
				ProcessInitializeOnLoadMethodAttributes (3ms)
				AfterProcessingInitializeOnLoad (5ms)
				EditorAssembliesLoaded (0ms)
			ExecutionOrderSort2 (0ms)
			AwakeInstancesAfterBackupRestoration (5ms)
Platform modules already initialized, skipping
========================================================================
Worker process is ready to serve import requests
Launched and connected shader compiler UnityShaderCompiler.exe after 0.04 seconds
Refreshing native plugins compatible for Editor in 0.40 ms, found 2 plugins.
Preloading 0 native plugins for Editor in 0.00 ms.
Unloading 1390 Unused Serialized files (Serialized files now loaded: 0)
System memory in use before: 65.2 MB.
System memory in use after: 65.3 MB.

Unloading 19 unused Assets to reduce memory usage. Loaded Objects now: 1823.
Total: 1.685800 ms (FindLiveObjects: 0.166400 ms CreateObjectMapping: 0.032800 ms MarkObjects: 1.417500 ms  DeleteObjects: 0.067800 ms)

AssetImportParameters requested are different than current active one (requested -> active):
  custom:framework-win-MediaFoundation: 216162199b28c13a410421893ffa2e32 -> 
  custom:video-decoder-ogg-theora: a1e56fd34408186e4bbccfd4996cb3dc -> 
  custom:container-muxer-webm: aa71ff27fc2769a1b78a27578f13a17b -> 
  custom:container-demuxer-webm: 4f35f7cbe854078d1ac9338744f61a02 -> 
  custom:container-demuxer-ogg: 62fdf1f143b41e24485cea50d1cbac27 -> 
  custom:video-encoder-webm-vp8: eb34c28f22e8b96e1ab97ce403110664 -> 
  custom:video-decoder-webm-vp8: 9c59270c3fd7afecdb556c50c9e8de78 -> 
  custom:audio-decoder-ogg-vorbis: bf7c407c2cedff20999df2af8eb42d56 -> 
  custom:audio-encoder-webm-vorbis: bf7c407c2cedff20999df2af8eb42d56 -> 
========================================================================
Received Import Request.
  path: Assets/Scenes/New Folder
  artifactKey: Guid(7787c6e5a5cae5f488ff65614de014bb) Importer(815301076,1909f56bfc062723c751e8b465ee728b)
Start importing Assets/Scenes/New Folder using Guid(7787c6e5a5cae5f488ff65614de014bb) Importer(815301076,1909f56bfc062723c751e8b465ee728b)  -> (artifact id: '50eb76af63e5f4c9b638d1cde1d99c58') in 0.003757 seconds 
  Import took 0.005826 seconds .

========================================================================
Received Import Request.
  Time since last request: 0.000215 seconds.
  path: Assets/Scenes/New Lighting Settings.lighting
  artifactKey: Guid(ac5f6f8eb27d5794eb1559f7572b7b0a) Importer(815301076,1909f56bfc062723c751e8b465ee728b)
Start importing Assets/Scenes/New Lighting Settings.lighting using Guid(ac5f6f8eb27d5794eb1559f7572b7b0a) Importer(815301076,1909f56bfc062723c751e8b465ee728b)  -> (artifact id: '4a766506a475ef47577eda42b4dad9e3') in 0.026517 seconds 
  Import took 0.028713 seconds .

========================================================================
Received Import Request.
  Time since last request: 10.461499 seconds.
  path: Assets/Scenes/SampleScene.unity
  artifactKey: Guid(9fc0d4010bbf28b4594072e72b8655ab) Importer(815301076,1909f56bfc062723c751e8b465ee728b)
Start importing Assets/Scenes/SampleScene.unity using Guid(9fc0d4010bbf28b4594072e72b8655ab) Importer(815301076,1909f56bfc062723c751e8b465ee728b)  -> (artifact id: '85059f4f9e1a832ed95adaa0d25c5c4c') in 0.002069 seconds 
  Import took 0.004445 seconds .

========================================================================
Received Import Request.
  Time since last request: 0.000445 seconds.
  path: Assets/Scenes/SampleScene.unity
  artifactKey: Guid(9fc0d4010bbf28b4594072e72b8655ab) Importer(815301076,1909f56bfc062723c751e8b465ee728b)
Start importing Assets/Scenes/SampleScene.unity using Guid(9fc0d4010bbf28b4594072e72b8655ab) Importer(815301076,1909f56bfc062723c751e8b465ee728b)  -> (artifact id: '85059f4f9e1a832ed95adaa0d25c5c4c') in 0.002273 seconds 
  Import took 0.004920 seconds .

========================================================================
Received Import Request.
  Time since last request: 22.430766 seconds.
  path: Assets/0-floor.scenetemplate
  artifactKey: Guid(3402a28c80da6a546839c12856309cb1) Importer(815301076,1909f56bfc062723c751e8b465ee728b)
Start importing Assets/0-floor.scenetemplate using Guid(3402a28c80da6a546839c12856309cb1) Importer(815301076,1909f56bfc062723c751e8b465ee728b)  -> (artifact id: '9cf415902ced53cb0976e3ab774ba386') in 0.012365 seconds 
  Import took 0.015313 seconds .

========================================================================
Received Import Request.
  Time since last request: 0.001684 seconds.
  path: Assets/0-floor.scenetemplate
  artifactKey: Guid(3402a28c80da6a546839c12856309cb1) Importer(815301076,1909f56bfc062723c751e8b465ee728b)
Start importing Assets/0-floor.scenetemplate using Guid(3402a28c80da6a546839c12856309cb1) Importer(815301076,1909f56bfc062723c751e8b465ee728b)  -> (artifact id: '9cf415902ced53cb0976e3ab774ba386') in 0.003237 seconds 
  Import took 0.004818 seconds .

========================================================================
Received Import Request.
  Time since last request: 1.770299 seconds.
  path: Assets/0-floor.unity
  artifactKey: Guid(69360113f90745549b736374b184cfb8) Importer(815301076,1909f56bfc062723c751e8b465ee728b)
Start importing Assets/0-floor.unity using Guid(69360113f90745549b736374b184cfb8) Importer(815301076,1909f56bfc062723c751e8b465ee728b)  -> (artifact id: 'c93243f384420fb1e10cac84b1ac7af8') in 0.002076 seconds 
  Import took 0.004350 seconds .

========================================================================
Received Import Request.
  Time since last request: 9.046275 seconds.
  path: Assets/0-floor 1.scenetemplate
  artifactKey: Guid(479f06a6b4c614048b606074dfe1a1a3) Importer(815301076,1909f56bfc062723c751e8b465ee728b)
Start importing Assets/0-floor 1.scenetemplate using Guid(479f06a6b4c614048b606074dfe1a1a3) Importer(815301076,1909f56bfc062723c751e8b465ee728b)  -> (artifact id: 'f1d0292eccc0071c704da49953df52b7') in 0.003432 seconds 
  Import took 0.005599 seconds .

========================================================================
Received Import Request.
  Time since last request: 0.005503 seconds.
  path: Assets/0-floor 1.scenetemplate
  artifactKey: Guid(479f06a6b4c614048b606074dfe1a1a3) Importer(815301076,1909f56bfc062723c751e8b465ee728b)
Start importing Assets/0-floor 1.scenetemplate using Guid(479f06a6b4c614048b606074dfe1a1a3) Importer(815301076,1909f56bfc062723c751e8b465ee728b)  -> (artifact id: 'f1d0292eccc0071c704da49953df52b7') in 0.004196 seconds 
  Import took 0.006258 seconds .

========================================================================
Received Import Request.
  Time since last request: 17.138585 seconds.
  path: Assets/0-floor 1.unity
  artifactKey: Guid(db5bbd1bd8b58a545b2f3ecc65a0065f) Importer(815301076,1909f56bfc062723c751e8b465ee728b)
Start importing Assets/0-floor 1.unity using Guid(db5bbd1bd8b58a545b2f3ecc65a0065f) Importer(815301076,1909f56bfc062723c751e8b465ee728b)  -> (artifact id: 'b8afcd7dfa3e15fa77ec7ef658fef141') in 0.001930 seconds 
  Import took 0.003910 seconds .

========================================================================
Received Import Request.
  Time since last request: 13.125903 seconds.
  path: Assets/1-ball.unity
  artifactKey: Guid(db5bbd1bd8b58a545b2f3ecc65a0065f) Importer(815301076,1909f56bfc062723c751e8b465ee728b)
Start importing Assets/1-ball.unity using Guid(db5bbd1bd8b58a545b2f3ecc65a0065f) Importer(815301076,1909f56bfc062723c751e8b465ee728b)  -> (artifact id: 'c02a4a7e7abb10ceebbcb84c6ce45196') in 0.001876 seconds 
  Import took 0.003864 seconds .

========================================================================
Received Import Request.
  Time since last request: 206.336358 seconds.
  path: Assets/1-ball.unity
  artifactKey: Guid(db5bbd1bd8b58a545b2f3ecc65a0065f) Importer(815301076,1909f56bfc062723c751e8b465ee728b)
Start importing Assets/1-ball.unity using Guid(db5bbd1bd8b58a545b2f3ecc65a0065f) Importer(815301076,1909f56bfc062723c751e8b465ee728b)  -> (artifact id: '3d1fcf36ffff996f19129bc27454d236') in 0.001891 seconds 
  Import took 0.004048 seconds .

========================================================================
Received Import Request.
  Time since last request: 0.000383 seconds.
  path: Assets/1-ball.unity
  artifactKey: Guid(db5bbd1bd8b58a545b2f3ecc65a0065f) Importer(815301076,1909f56bfc062723c751e8b465ee728b)
Start importing Assets/1-ball.unity using Guid(db5bbd1bd8b58a545b2f3ecc65a0065f) Importer(815301076,1909f56bfc062723c751e8b465ee728b)  -> (artifact id: '3d1fcf36ffff996f19129bc27454d236') in 0.001648 seconds 
  Import took 0.003238 seconds .

========================================================================
Received Import Request.
  Time since last request: 1.042073 seconds.
  path: Assets/1-ball 1.unity
  artifactKey: Guid(bee9828be31eb984097244f27c6568a4) Importer(815301076,1909f56bfc062723c751e8b465ee728b)
Start importing Assets/1-ball 1.unity using Guid(bee9828be31eb984097244f27c6568a4) Importer(815301076,1909f56bfc062723c751e8b465ee728b)  -> (artifact id: '620f002cc3050c13e5ed41377615bc94') in 0.002025 seconds 
  Import took 0.004060 seconds .

========================================================================
Received Import Request.
  Time since last request: 0.000594 seconds.
  path: Assets/1-ball 1.unity
  artifactKey: Guid(bee9828be31eb984097244f27c6568a4) Importer(815301076,1909f56bfc062723c751e8b465ee728b)
Start importing Assets/1-ball 1.unity using Guid(bee9828be31eb984097244f27c6568a4) Importer(815301076,1909f56bfc062723c751e8b465ee728b)  -> (artifact id: '620f002cc3050c13e5ed41377615bc94') in 0.001782 seconds 
  Import took 0.003528 seconds .

========================================================================
Received Import Request.
  Time since last request: 11.119168 seconds.
  path: Assets/2-colors.unity
  artifactKey: Guid(bee9828be31eb984097244f27c6568a4) Importer(815301076,1909f56bfc062723c751e8b465ee728b)
Start importing Assets/2-colors.unity using Guid(bee9828be31eb984097244f27c6568a4) Importer(815301076,1909f56bfc062723c751e8b465ee728b)  -> (artifact id: '35c9c3a30b5399b63f302fbe4ebb046d') in 0.001869 seconds 
  Import took 0.003824 seconds .

========================================================================
Received Import Request.
  Time since last request: 31.600831 seconds.
  path: Assets/Materials
  artifactKey: Guid(92558af3d7fd5734088622680dba3458) Importer(815301076,1909f56bfc062723c751e8b465ee728b)
Start importing Assets/Materials using Guid(92558af3d7fd5734088622680dba3458) Importer(815301076,1909f56bfc062723c751e8b465ee728b)  -> (artifact id: '3b3c595ca4e81a63313d1828feb1a419') in 0.001741 seconds 
  Import took 0.003819 seconds .

========================================================================
Received Import Request.
  Time since last request: 10.285132 seconds.
  path: Assets/Materials/New Lighting Settings.lighting
  artifactKey: Guid(4a1abb9094793ac41a18ca8ff3280653) Importer(815301076,1909f56bfc062723c751e8b465ee728b)
Start importing Assets/Materials/New Lighting Settings.lighting using Guid(4a1abb9094793ac41a18ca8ff3280653) Importer(815301076,1909f56bfc062723c751e8b465ee728b)  -> (artifact id: 'aa8eb82ccec5146e30adbdbdcfdb9ca9') in 0.002047 seconds 
  Import took 0.004265 seconds .

========================================================================
Received Import Request.
  Time since last request: 13.553413 seconds.
  path: Assets/Materials/floor.mat
  artifactKey: Guid(5234dfbc9b1a9d348b3af5e27f5d3dd0) Importer(815301076,1909f56bfc062723c751e8b465ee728b)
Start importing Assets/Materials/floor.mat using Guid(5234dfbc9b1a9d348b3af5e27f5d3dd0) Importer(815301076,1909f56bfc062723c751e8b465ee728b)  -> (artifact id: '09dd4b1dffddfa31818ce2514734204a') in 0.055096 seconds 
  Import took 0.057148 seconds .

========================================================================
Received Import Request.
  Time since last request: 142.465943 seconds.
  path: Assets/Materials/floor.mat
  artifactKey: Guid(5234dfbc9b1a9d348b3af5e27f5d3dd0) Importer(815301076,1909f56bfc062723c751e8b465ee728b)
Start importing Assets/Materials/floor.mat using Guid(5234dfbc9b1a9d348b3af5e27f5d3dd0) Importer(815301076,1909f56bfc062723c751e8b465ee728b)  -> (artifact id: '4448006523496a0092b07fb02bf0a057') in 0.007221 seconds 
  Import took 0.009319 seconds .

========================================================================
Received Import Request.
  Time since last request: 35.972117 seconds.
  path: Assets/Materials/ball.mat
  artifactKey: Guid(a9a5ef0b678a73849a6c79efae456e83) Importer(815301076,1909f56bfc062723c751e8b465ee728b)
Start importing Assets/Materials/ball.mat using Guid(a9a5ef0b678a73849a6c79efae456e83) Importer(815301076,1909f56bfc062723c751e8b465ee728b)  -> (artifact id: '2e4c7a56de9231da7825c1ae768ff3f0') in 0.005976 seconds 
  Import took 0.008512 seconds .

========================================================================
Received Import Request.
  Time since last request: 56.911920 seconds.
  path: Assets/2-colors 1.unity
  artifactKey: Guid(2375931f74b48184cb57e4f737b131a0) Importer(815301076,1909f56bfc062723c751e8b465ee728b)
Start importing Assets/2-colors 1.unity using Guid(2375931f74b48184cb57e4f737b131a0) Importer(815301076,1909f56bfc062723c751e8b465ee728b)  -> (artifact id: '91e561c19b6bc8431be9972b690782dc') in 0.002012 seconds 
  Import took 0.004291 seconds .

========================================================================
Received Import Request.
  Time since last request: 0.000308 seconds.
  path: Assets/2-colors 1.unity
  artifactKey: Guid(2375931f74b48184cb57e4f737b131a0) Importer(815301076,1909f56bfc062723c751e8b465ee728b)
Start importing Assets/2-colors 1.unity using Guid(2375931f74b48184cb57e4f737b131a0) Importer(815301076,1909f56bfc062723c751e8b465ee728b)  -> (artifact id: '91e561c19b6bc8431be9972b690782dc') in 0.002343 seconds 
  Import took 0.004697 seconds .

========================================================================
Received Import Request.
  Time since last request: 13.540760 seconds.
  path: Assets/2-colors.unity
  artifactKey: Guid(bee9828be31eb984097244f27c6568a4) Importer(815301076,1909f56bfc062723c751e8b465ee728b)
Start importing Assets/2-colors.unity using Guid(bee9828be31eb984097244f27c6568a4) Importer(815301076,1909f56bfc062723c751e8b465ee728b)  -> (artifact id: 'dc67e079b562b6dffe90ea12ab9a48ef') in 0.001763 seconds 
  Import took 0.003781 seconds .

========================================================================
Received Import Request.
  Time since last request: 0.000726 seconds.
  path: Assets/2-colors.unity
  artifactKey: Guid(bee9828be31eb984097244f27c6568a4) Importer(815301076,1909f56bfc062723c751e8b465ee728b)
Start importing Assets/2-colors.unity using Guid(bee9828be31eb984097244f27c6568a4) Importer(815301076,1909f56bfc062723c751e8b465ee728b)  -> (artifact id: 'dc67e079b562b6dffe90ea12ab9a48ef') in 0.001901 seconds 
  Import took 0.003981 seconds .

========================================================================
Received Import Request.
  Time since last request: 2.447339 seconds.
  path: Assets/2-colors 1.unity
  artifactKey: Guid(6b4a96117a9c1d2468063088b181b3e3) Importer(815301076,1909f56bfc062723c751e8b465ee728b)
Start importing Assets/2-colors 1.unity using Guid(6b4a96117a9c1d2468063088b181b3e3) Importer(815301076,1909f56bfc062723c751e8b465ee728b)  -> (artifact id: '6da8946492bad311f59d3f1e2fc766de') in 0.002153 seconds 
  Import took 0.004473 seconds .

========================================================================
Received Import Request.
  Time since last request: 10.703606 seconds.
  path: Assets/3-gravity.unity
  artifactKey: Guid(6b4a96117a9c1d2468063088b181b3e3) Importer(815301076,1909f56bfc062723c751e8b465ee728b)
Start importing Assets/3-gravity.unity using Guid(6b4a96117a9c1d2468063088b181b3e3) Importer(815301076,1909f56bfc062723c751e8b465ee728b)  -> (artifact id: '51157025c39436d3e6ad203a7ca042ee') in 0.001930 seconds 
  Import took 0.004002 seconds .

========================================================================
Received Prepare
Registering precompiled user dll's ...
Registered in 0.003361 seconds.
Begin MonoManager ReloadAssembly
Native extension for LinuxStandalone target not found
Native extension for WindowsStandalone target not found
Refreshing native plugins compatible for Editor in 0.29 ms, found 2 plugins.
Preloading 0 native plugins for Editor in 0.00 ms.
Mono: successfully reloaded assembly
- Completed reload, in  0.709 seconds
Domain Reload Profiling:
	ReloadAssembly (709ms)
		BeginReloadAssembly (86ms)
			ExecutionOrderSort (0ms)
			DisableScriptedObjects (3ms)
			BackupInstance (0ms)
			ReleaseScriptingObjects (0ms)
			CreateAndSetChildDomain (25ms)
		EndReloadAssembly (572ms)
			LoadAssemblies (67ms)
			RebuildTransferFunctionScriptingTraits (0ms)
			SetupTypeCache (199ms)
			ReleaseScriptCaches (1ms)
			RebuildScriptCaches (29ms)
			SetupLoadedEditorAssemblies (205ms)
				LogAssemblyErrors (0ms)
				InitializePlatformSupportModulesInManaged (5ms)
				SetLoadedEditorAssemblies (0ms)
				RefreshPlugins (0ms)
				BeforeProcessingInitializeOnLoad (37ms)
				ProcessInitializeOnLoadAttributes (154ms)
				ProcessInitializeOnLoadMethodAttributes (2ms)
				AfterProcessingInitializeOnLoad (5ms)
				EditorAssembliesLoaded (0ms)
			ExecutionOrderSort2 (0ms)
			AwakeInstancesAfterBackupRestoration (5ms)
Platform modules already initialized, skipping
Refreshing native plugins compatible for Editor in 0.28 ms, found 2 plugins.
Preloading 0 native plugins for Editor in 0.00 ms.
Unloading 1385 Unused Serialized files (Serialized files now loaded: 0)
System memory in use before: 68.5 MB.
System memory in use after: 68.6 MB.

Unloading 14 unused Assets to reduce memory usage. Loaded Objects now: 1866.
Total: 1.643800 ms (FindLiveObjects: 0.165300 ms CreateObjectMapping: 0.033100 ms MarkObjects: 1.395200 ms  DeleteObjects: 0.049300 ms)

AssetImportParameters requested are different than current active one (requested -> active):
  custom:framework-win-MediaFoundation: 216162199b28c13a410421893ffa2e32 -> 
  custom:video-decoder-ogg-theora: a1e56fd34408186e4bbccfd4996cb3dc -> 
  custom:container-muxer-webm: aa71ff27fc2769a1b78a27578f13a17b -> 
  custom:container-demuxer-webm: 4f35f7cbe854078d1ac9338744f61a02 -> 
  custom:container-demuxer-ogg: 62fdf1f143b41e24485cea50d1cbac27 -> 
  custom:video-encoder-webm-vp8: eb34c28f22e8b96e1ab97ce403110664 -> 
  custom:video-decoder-webm-vp8: 9c59270c3fd7afecdb556c50c9e8de78 -> 
  custom:audio-decoder-ogg-vorbis: bf7c407c2cedff20999df2af8eb42d56 -> 
  custom:audio-encoder-webm-vorbis: bf7c407c2cedff20999df2af8eb42d56 -> 
========================================================================
Received Import Request.
  Time since last request: 73.940351 seconds.
  path: Assets/New Lighting Settings.lighting
  artifactKey: Guid(032fd55d182a4ad4f951e0b5f47e49c0) Importer(815301076,1909f56bfc062723c751e8b465ee728b)
Start importing Assets/New Lighting Settings.lighting using Guid(032fd55d182a4ad4f951e0b5f47e49c0) Importer(815301076,1909f56bfc062723c751e8b465ee728b)  -> (artifact id: '99cf3e50c044b5a98034ebde6c6b81ab') in 0.008800 seconds 
  Import took 0.010912 seconds .

========================================================================
Received Import Request.
  Time since last request: 11.267081 seconds.
  path: Assets/New Folder
  artifactKey: Guid(695af7eb2fee574448c5ebea768d538e) Importer(815301076,1909f56bfc062723c751e8b465ee728b)
Start importing Assets/New Folder using Guid(695af7eb2fee574448c5ebea768d538e) Importer(815301076,1909f56bfc062723c751e8b465ee728b)  -> (artifact id: 'd462ec48ee23d0dc6dfe6c6f94e0d27b') in 0.001595 seconds 
  Import took 0.003622 seconds .

========================================================================
Received Import Request.
  Time since last request: 11.253196 seconds.
  path: Assets/Physic Materials
  artifactKey: Guid(695af7eb2fee574448c5ebea768d538e) Importer(815301076,1909f56bfc062723c751e8b465ee728b)
Start importing Assets/Physic Materials using Guid(695af7eb2fee574448c5ebea768d538e) Importer(815301076,1909f56bfc062723c751e8b465ee728b)  -> (artifact id: '98eaba0baf4ff3c4ac4c7d0dc16cf5a1') in 0.001863 seconds 
  Import took 0.003655 seconds .

========================================================================
Received Import Request.
  Time since last request: 12.900932 seconds.
  path: Assets/Physic Materials/New Material.mat
  artifactKey: Guid(7edc7d867de0c4440b4a7a24b9452036) Importer(815301076,1909f56bfc062723c751e8b465ee728b)
Start importing Assets/Physic Materials/New Material.mat using Guid(7edc7d867de0c4440b4a7a24b9452036) Importer(815301076,1909f56bfc062723c751e8b465ee728b)  -> (artifact id: '5ed0d31a06c0458baaffe473ccecea2e') in 0.037671 seconds 
  Import took 0.039855 seconds .

========================================================================
Received Import Request.
  Time since last request: 10.384610 seconds.
  path: Assets/Physic Materials/bounce.physicMaterial
  artifactKey: Guid(5f283080381992a43a9d18d1dc1f9d57) Importer(815301076,1909f56bfc062723c751e8b465ee728b)
Start importing Assets/Physic Materials/bounce.physicMaterial using Guid(5f283080381992a43a9d18d1dc1f9d57) Importer(815301076,1909f56bfc062723c751e8b465ee728b)  -> (artifact id: '8718001acf569c7b150793623342289a') in 0.003953 seconds 
  Import took 0.005881 seconds .

========================================================================
Received Import Request.
  Time since last request: 26.644885 seconds.
  path: Assets/Physic Materials/bounce.physicMaterial
  artifactKey: Guid(5f283080381992a43a9d18d1dc1f9d57) Importer(815301076,1909f56bfc062723c751e8b465ee728b)
Start importing Assets/Physic Materials/bounce.physicMaterial using Guid(5f283080381992a43a9d18d1dc1f9d57) Importer(815301076,1909f56bfc062723c751e8b465ee728b)  -> (artifact id: '72801a07e0e2d70b804e9e3560c4c580') in 0.002174 seconds 
  Import took 0.004408 seconds .

========================================================================
Received Prepare
Registering precompiled user dll's ...
Registered in 0.003182 seconds.
Begin MonoManager ReloadAssembly
Native extension for LinuxStandalone target not found
Native extension for WindowsStandalone target not found
Refreshing native plugins compatible for Editor in 0.31 ms, found 2 plugins.
Preloading 0 native plugins for Editor in 0.00 ms.
Mono: successfully reloaded assembly
- Completed reload, in  0.717 seconds
Domain Reload Profiling:
	ReloadAssembly (718ms)
		BeginReloadAssembly (84ms)
			ExecutionOrderSort (0ms)
			DisableScriptedObjects (3ms)
			BackupInstance (0ms)
			ReleaseScriptingObjects (0ms)
			CreateAndSetChildDomain (25ms)
		EndReloadAssembly (583ms)
			LoadAssemblies (67ms)
			RebuildTransferFunctionScriptingTraits (0ms)
			SetupTypeCache (207ms)
			ReleaseScriptCaches (1ms)
			RebuildScriptCaches (30ms)
			SetupLoadedEditorAssemblies (205ms)
				LogAssemblyErrors (0ms)
				InitializePlatformSupportModulesInManaged (5ms)
				SetLoadedEditorAssemblies (0ms)
				RefreshPlugins (0ms)
				BeforeProcessingInitializeOnLoad (38ms)
				ProcessInitializeOnLoadAttributes (154ms)
				ProcessInitializeOnLoadMethodAttributes (2ms)
				AfterProcessingInitializeOnLoad (5ms)
				EditorAssembliesLoaded (0ms)
			ExecutionOrderSort2 (0ms)
			AwakeInstancesAfterBackupRestoration (5ms)
Platform modules already initialized, skipping
Refreshing native plugins compatible for Editor in 0.28 ms, found 2 plugins.
Preloading 0 native plugins for Editor in 0.00 ms.
Unloading 1385 Unused Serialized files (Serialized files now loaded: 0)
System memory in use before: 68.6 MB.
System memory in use after: 68.7 MB.

Unloading 14 unused Assets to reduce memory usage. Loaded Objects now: 1870.
Total: 1.613600 ms (FindLiveObjects: 0.145400 ms CreateObjectMapping: 0.032500 ms MarkObjects: 1.385500 ms  DeleteObjects: 0.049200 ms)

AssetImportParameters requested are different than current active one (requested -> active):
  custom:framework-win-MediaFoundation: 216162199b28c13a410421893ffa2e32 -> 
  custom:video-decoder-ogg-theora: a1e56fd34408186e4bbccfd4996cb3dc -> 
  custom:container-muxer-webm: aa71ff27fc2769a1b78a27578f13a17b -> 
  custom:container-demuxer-webm: 4f35f7cbe854078d1ac9338744f61a02 -> 
  custom:container-demuxer-ogg: 62fdf1f143b41e24485cea50d1cbac27 -> 
  custom:video-encoder-webm-vp8: eb34c28f22e8b96e1ab97ce403110664 -> 
  custom:video-decoder-webm-vp8: 9c59270c3fd7afecdb556c50c9e8de78 -> 
  custom:audio-decoder-ogg-vorbis: bf7c407c2cedff20999df2af8eb42d56 -> 
  custom:audio-encoder-webm-vorbis: bf7c407c2cedff20999df2af8eb42d56 -> 
========================================================================
Received Import Request.
  Time since last request: 88.906836 seconds.
  path: Assets/Physic Materials/bounce.physicMaterial
  artifactKey: Guid(5f283080381992a43a9d18d1dc1f9d57) Importer(815301076,1909f56bfc062723c751e8b465ee728b)
Start importing Assets/Physic Materials/bounce.physicMaterial using Guid(5f283080381992a43a9d18d1dc1f9d57) Importer(815301076,1909f56bfc062723c751e8b465ee728b)  -> (artifact id: '0f8dbaa6be500ac36fbdb13280f5150e') in 0.008531 seconds 
  Import took 0.010467 seconds .

========================================================================
Received Prepare
Registering precompiled user dll's ...
Registered in 0.003224 seconds.
Begin MonoManager ReloadAssembly
Native extension for LinuxStandalone target not found
Native extension for WindowsStandalone target not found
Refreshing native plugins compatible for Editor in 0.30 ms, found 2 plugins.
Preloading 0 native plugins for Editor in 0.00 ms.
Mono: successfully reloaded assembly
- Completed reload, in  0.740 seconds
Domain Reload Profiling:
	ReloadAssembly (741ms)
		BeginReloadAssembly (85ms)
			ExecutionOrderSort (0ms)
			DisableScriptedObjects (4ms)
			BackupInstance (0ms)
			ReleaseScriptingObjects (0ms)
			CreateAndSetChildDomain (25ms)
		EndReloadAssembly (601ms)
			LoadAssemblies (69ms)
			RebuildTransferFunctionScriptingTraits (0ms)
			SetupTypeCache (208ms)
			ReleaseScriptCaches (1ms)
			RebuildScriptCaches (31ms)
			SetupLoadedEditorAssemblies (215ms)
				LogAssemblyErrors (0ms)
				InitializePlatformSupportModulesInManaged (5ms)
				SetLoadedEditorAssemblies (0ms)
				RefreshPlugins (0ms)
				BeforeProcessingInitializeOnLoad (38ms)
				ProcessInitializeOnLoadAttributes (163ms)
				ProcessInitializeOnLoadMethodAttributes (3ms)
				AfterProcessingInitializeOnLoad (5ms)
				EditorAssembliesLoaded (0ms)
			ExecutionOrderSort2 (0ms)
			AwakeInstancesAfterBackupRestoration (5ms)
Platform modules already initialized, skipping
Refreshing native plugins compatible for Editor in 0.31 ms, found 2 plugins.
Preloading 0 native plugins for Editor in 0.00 ms.
Unloading 1385 Unused Serialized files (Serialized files now loaded: 0)
System memory in use before: 68.6 MB.
System memory in use after: 68.7 MB.

Unloading 14 unused Assets to reduce memory usage. Loaded Objects now: 1873.
Total: 1.744800 ms (FindLiveObjects: 0.140800 ms CreateObjectMapping: 0.032600 ms MarkObjects: 1.521300 ms  DeleteObjects: 0.049000 ms)

AssetImportParameters requested are different than current active one (requested -> active):
  custom:framework-win-MediaFoundation: 216162199b28c13a410421893ffa2e32 -> 
  custom:video-decoder-ogg-theora: a1e56fd34408186e4bbccfd4996cb3dc -> 
  custom:container-muxer-webm: aa71ff27fc2769a1b78a27578f13a17b -> 
  custom:container-demuxer-webm: 4f35f7cbe854078d1ac9338744f61a02 -> 
  custom:container-demuxer-ogg: 62fdf1f143b41e24485cea50d1cbac27 -> 
  custom:video-encoder-webm-vp8: eb34c28f22e8b96e1ab97ce403110664 -> 
  custom:video-decoder-webm-vp8: 9c59270c3fd7afecdb556c50c9e8de78 -> 
  custom:audio-decoder-ogg-vorbis: bf7c407c2cedff20999df2af8eb42d56 -> 
  custom:audio-encoder-webm-vorbis: bf7c407c2cedff20999df2af8eb42d56 -> 
========================================================================
Received Prepare
Registering precompiled user dll's ...
Registered in 0.003180 seconds.
Begin MonoManager ReloadAssembly
Native extension for LinuxStandalone target not found
Native extension for WindowsStandalone target not found
Refreshing native plugins compatible for Editor in 0.36 ms, found 2 plugins.
Preloading 0 native plugins for Editor in 0.00 ms.
Mono: successfully reloaded assembly
- Completed reload, in  0.730 seconds
Domain Reload Profiling:
	ReloadAssembly (730ms)
		BeginReloadAssembly (85ms)
			ExecutionOrderSort (0ms)
			DisableScriptedObjects (3ms)
			BackupInstance (0ms)
			ReleaseScriptingObjects (0ms)
			CreateAndSetChildDomain (25ms)
		EndReloadAssembly (592ms)
			LoadAssemblies (70ms)
			RebuildTransferFunctionScriptingTraits (0ms)
			SetupTypeCache (201ms)
			ReleaseScriptCaches (1ms)
			RebuildScriptCaches (31ms)
			SetupLoadedEditorAssemblies (217ms)
				LogAssemblyErrors (0ms)
				InitializePlatformSupportModulesInManaged (5ms)
				SetLoadedEditorAssemblies (0ms)
				RefreshPlugins (0ms)
				BeforeProcessingInitializeOnLoad (41ms)
				ProcessInitializeOnLoadAttributes (162ms)
				ProcessInitializeOnLoadMethodAttributes (2ms)
				AfterProcessingInitializeOnLoad (5ms)
				EditorAssembliesLoaded (0ms)
			ExecutionOrderSort2 (0ms)
			AwakeInstancesAfterBackupRestoration (5ms)
Platform modules already initialized, skipping
Refreshing native plugins compatible for Editor in 0.31 ms, found 2 plugins.
Preloading 0 native plugins for Editor in 0.00 ms.
Unloading 1385 Unused Serialized files (Serialized files now loaded: 0)
System memory in use before: 68.6 MB.
System memory in use after: 68.7 MB.

Unloading 14 unused Assets to reduce memory usage. Loaded Objects now: 1876.
Total: 1.691500 ms (FindLiveObjects: 0.143100 ms CreateObjectMapping: 0.031700 ms MarkObjects: 1.465400 ms  DeleteObjects: 0.050500 ms)

AssetImportParameters requested are different than current active one (requested -> active):
  custom:framework-win-MediaFoundation: 216162199b28c13a410421893ffa2e32 -> 
  custom:video-decoder-ogg-theora: a1e56fd34408186e4bbccfd4996cb3dc -> 
  custom:container-muxer-webm: aa71ff27fc2769a1b78a27578f13a17b -> 
  custom:container-demuxer-webm: 4f35f7cbe854078d1ac9338744f61a02 -> 
  custom:container-demuxer-ogg: 62fdf1f143b41e24485cea50d1cbac27 -> 
  custom:video-encoder-webm-vp8: eb34c28f22e8b96e1ab97ce403110664 -> 
  custom:video-decoder-webm-vp8: 9c59270c3fd7afecdb556c50c9e8de78 -> 
  custom:audio-decoder-ogg-vorbis: bf7c407c2cedff20999df2af8eb42d56 -> 
  custom:audio-encoder-webm-vorbis: bf7c407c2cedff20999df2af8eb42d56 -> 
========================================================================
Received Import Request.
  Time since last request: 97.158046 seconds.
  path: Assets/3-gravity.unity
  artifactKey: Guid(6b4a96117a9c1d2468063088b181b3e3) Importer(815301076,1909f56bfc062723c751e8b465ee728b)
Start importing Assets/3-gravity.unity using Guid(6b4a96117a9c1d2468063088b181b3e3) Importer(815301076,1909f56bfc062723c751e8b465ee728b)  -> (artifact id: '01d36554e7f9206524d06d4efdbf99d9') in 0.009417 seconds 
  Import took 0.011608 seconds .

========================================================================
Received Import Request.
  Time since last request: 1.200623 seconds.
  path: Assets/3-gravity 1.unity
  artifactKey: Guid(450712122ca8af142b91f9dd7ef977ac) Importer(815301076,1909f56bfc062723c751e8b465ee728b)
Start importing Assets/3-gravity 1.unity using Guid(450712122ca8af142b91f9dd7ef977ac) Importer(815301076,1909f56bfc062723c751e8b465ee728b)  -> (artifact id: '87599b8ee4c6761d916fe812d9607126') in 0.002186 seconds 
  Import took 0.004251 seconds .

========================================================================
Received Import Request.
  Time since last request: 0.000373 seconds.
  path: Assets/3-gravity 1.unity
  artifactKey: Guid(450712122ca8af142b91f9dd7ef977ac) Importer(815301076,1909f56bfc062723c751e8b465ee728b)
Start importing Assets/3-gravity 1.unity using Guid(450712122ca8af142b91f9dd7ef977ac) Importer(815301076,1909f56bfc062723c751e8b465ee728b)  -> (artifact id: '87599b8ee4c6761d916fe812d9607126') in 0.001616 seconds 
  Import took 0.003163 seconds .

========================================================================
Received Import Request.
  Time since last request: 7.967715 seconds.
  path: Assets/4-prefab.unity
  artifactKey: Guid(450712122ca8af142b91f9dd7ef977ac) Importer(815301076,1909f56bfc062723c751e8b465ee728b)
Start importing Assets/4-prefab.unity using Guid(450712122ca8af142b91f9dd7ef977ac) Importer(815301076,1909f56bfc062723c751e8b465ee728b)  -> (artifact id: '9bece85cd62992a01e0623f9c5e36034') in 0.001973 seconds 
  Import took 0.003804 seconds .

========================================================================
Received Import Request.
  Time since last request: 12.332231 seconds.
  path: Assets/Prefabs
  artifactKey: Guid(b1a6a7d1b4f153d4e8590774a2f7144e) Importer(815301076,1909f56bfc062723c751e8b465ee728b)
Start importing Assets/Prefabs using Guid(b1a6a7d1b4f153d4e8590774a2f7144e) Importer(815301076,1909f56bfc062723c751e8b465ee728b)  -> (artifact id: '75df0d3afda4ad0f18fd9d23406a8ce9') in 0.001720 seconds 
  Import took 0.003567 seconds .

========================================================================
Received Import Request.
  Time since last request: 0.004158 seconds.
  path: Assets/Prefabs
  artifactKey: Guid(b1a6a7d1b4f153d4e8590774a2f7144e) Importer(815301076,1909f56bfc062723c751e8b465ee728b)
Start importing Assets/Prefabs using Guid(b1a6a7d1b4f153d4e8590774a2f7144e) Importer(815301076,1909f56bfc062723c751e8b465ee728b)  -> (artifact id: '75df0d3afda4ad0f18fd9d23406a8ce9') in 0.001378 seconds 
  Import took 0.002802 seconds .

========================================================================
Received Import Request.
  Time since last request: 36.009976 seconds.
  path: Assets/Prefabs/Ball.prefab
  artifactKey: Guid(6757bf32d9bf0e54c9a0c03943f48216) Importer(815301076,1909f56bfc062723c751e8b465ee728b)
Start importing Assets/Prefabs/Ball.prefab using Guid(6757bf32d9bf0e54c9a0c03943f48216) Importer(815301076,1909f56bfc062723c751e8b465ee728b)  -> (artifact id: '3e2e49a63e8a8cfba7c21d79497348d5') in 0.035587 seconds 
  Import took 0.037853 seconds .

========================================================================
Received Import Request.
  Time since last request: 0.000509 seconds.
  path: Assets/Prefabs/Ball.prefab
  artifactKey: Guid(6757bf32d9bf0e54c9a0c03943f48216) Importer(815301076,1909f56bfc062723c751e8b465ee728b)
Start importing Assets/Prefabs/Ball.prefab using Guid(6757bf32d9bf0e54c9a0c03943f48216) Importer(815301076,1909f56bfc062723c751e8b465ee728b)  -> (artifact id: '3e2e49a63e8a8cfba7c21d79497348d5') in 0.006235 seconds 
  Import took 0.008310 seconds .

========================================================================
Received Prepare
Registering precompiled user dll's ...
Registered in 0.003130 seconds.
Begin MonoManager ReloadAssembly
Native extension for LinuxStandalone target not found
Native extension for WindowsStandalone target not found
Refreshing native plugins compatible for Editor in 0.30 ms, found 2 plugins.
Preloading 0 native plugins for Editor in 0.00 ms.
Mono: successfully reloaded assembly
- Completed reload, in  0.719 seconds
Domain Reload Profiling:
	ReloadAssembly (720ms)
		BeginReloadAssembly (85ms)
			ExecutionOrderSort (0ms)
			DisableScriptedObjects (3ms)
			BackupInstance (0ms)
			ReleaseScriptingObjects (0ms)
			CreateAndSetChildDomain (25ms)
		EndReloadAssembly (579ms)
			LoadAssemblies (69ms)
			RebuildTransferFunctionScriptingTraits (0ms)
			SetupTypeCache (202ms)
			ReleaseScriptCaches (1ms)
			RebuildScriptCaches (30ms)
			SetupLoadedEditorAssemblies (207ms)
				LogAssemblyErrors (0ms)
				InitializePlatformSupportModulesInManaged (5ms)
				SetLoadedEditorAssemblies (0ms)
				RefreshPlugins (0ms)
				BeforeProcessingInitializeOnLoad (37ms)
				ProcessInitializeOnLoadAttributes (155ms)
				ProcessInitializeOnLoadMethodAttributes (3ms)
				AfterProcessingInitializeOnLoad (6ms)
				EditorAssembliesLoaded (0ms)
			ExecutionOrderSort2 (0ms)
			AwakeInstancesAfterBackupRestoration (5ms)
Platform modules already initialized, skipping
Refreshing native plugins compatible for Editor in 0.29 ms, found 2 plugins.
Preloading 0 native plugins for Editor in 0.00 ms.
Unloading 1385 Unused Serialized files (Serialized files now loaded: 0)
System memory in use before: 68.7 MB.
System memory in use after: 68.8 MB.

Unloading 14 unused Assets to reduce memory usage. Loaded Objects now: 1881.
Total: 1.656000 ms (FindLiveObjects: 0.154100 ms CreateObjectMapping: 0.032900 ms MarkObjects: 1.417100 ms  DeleteObjects: 0.050900 ms)

AssetImportParameters requested are different than current active one (requested -> active):
  custom:framework-win-MediaFoundation: 216162199b28c13a410421893ffa2e32 -> 
  custom:video-decoder-ogg-theora: a1e56fd34408186e4bbccfd4996cb3dc -> 
  custom:container-muxer-webm: aa71ff27fc2769a1b78a27578f13a17b -> 
  custom:container-demuxer-webm: 4f35f7cbe854078d1ac9338744f61a02 -> 
  custom:container-demuxer-ogg: 62fdf1f143b41e24485cea50d1cbac27 -> 
  custom:video-encoder-webm-vp8: eb34c28f22e8b96e1ab97ce403110664 -> 
  custom:video-decoder-webm-vp8: 9c59270c3fd7afecdb556c50c9e8de78 -> 
  custom:audio-decoder-ogg-vorbis: bf7c407c2cedff20999df2af8eb42d56 -> 
  custom:audio-encoder-webm-vorbis: bf7c407c2cedff20999df2af8eb42d56 -> 
========================================================================
Received Import Request.
  Time since last request: 196.598737 seconds.
  path: Assets/4-prefab 1.unity
  artifactKey: Guid(2c023c85fb3fcab42ba50321945e9034) Importer(815301076,1909f56bfc062723c751e8b465ee728b)
Start importing Assets/4-prefab 1.unity using Guid(2c023c85fb3fcab42ba50321945e9034) Importer(815301076,1909f56bfc062723c751e8b465ee728b)  -> (artifact id: 'a9ad281463324f159f73dabcfc28e318') in 0.008476 seconds 
  Import took 0.010719 seconds .

========================================================================
Received Import Request.
  Time since last request: 3.701353 seconds.
  path: Assets/5-more_colors.unity
  artifactKey: Guid(2c023c85fb3fcab42ba50321945e9034) Importer(815301076,1909f56bfc062723c751e8b465ee728b)
Start importing Assets/5-more_colors.unity using Guid(2c023c85fb3fcab42ba50321945e9034) Importer(815301076,1909f56bfc062723c751e8b465ee728b)  -> (artifact id: '5c37d78814d533303de68c2cc23877ed') in 0.002033 seconds 
  Import took 0.004063 seconds .

========================================================================
Received Import Request.
  Time since last request: 36.497953 seconds.
  path: Assets/Materials/ball.mat
  artifactKey: Guid(a9a5ef0b678a73849a6c79efae456e83) Importer(815301076,1909f56bfc062723c751e8b465ee728b)
Start importing Assets/Materials/ball.mat using Guid(a9a5ef0b678a73849a6c79efae456e83) Importer(815301076,1909f56bfc062723c751e8b465ee728b)  -> (artifact id: '2acaaad1a991579c99394acfe0a26758') in 0.036097 seconds 
  Import took 0.038289 seconds .

========================================================================
Received Import Request.
  Time since last request: 0.002963 seconds.
  path: Assets/Materials/ball.mat
  artifactKey: Guid(a9a5ef0b678a73849a6c79efae456e83) Importer(815301076,1909f56bfc062723c751e8b465ee728b)
Start importing Assets/Materials/ball.mat using Guid(a9a5ef0b678a73849a6c79efae456e83) Importer(815301076,1909f56bfc062723c751e8b465ee728b)  -> (artifact id: '2acaaad1a991579c99394acfe0a26758') in 0.005870 seconds 
  Import took 0.007882 seconds .

========================================================================
Received Import Request.
  Time since last request: 44.561465 seconds.
  path: Assets/Materials/ball-red.mat
  artifactKey: Guid(6536c01c0b194c6479ba4db8a93f4921) Importer(815301076,1909f56bfc062723c751e8b465ee728b)
Start importing Assets/Materials/ball-red.mat using Guid(6536c01c0b194c6479ba4db8a93f4921) Importer(815301076,1909f56bfc062723c751e8b465ee728b)  -> (artifact id: '383c73441c8d0c0d02341cb442b234b0') in 0.006950 seconds 
  Import took 0.009062 seconds .

========================================================================
Received Import Request.
  Time since last request: 29.169121 seconds.
  path: Assets/Materials/ball-red.mat
  artifactKey: Guid(6536c01c0b194c6479ba4db8a93f4921) Importer(815301076,1909f56bfc062723c751e8b465ee728b)
Start importing Assets/Materials/ball-red.mat using Guid(6536c01c0b194c6479ba4db8a93f4921) Importer(815301076,1909f56bfc062723c751e8b465ee728b)  -> (artifact id: 'da01e5b6715166ecad80964cd971d491') in 0.006801 seconds 
  Import took 0.009025 seconds .

========================================================================
Received Import Request.
  Time since last request: 3.052798 seconds.
  path: Assets/Materials/ball-blue.mat
  artifactKey: Guid(f3eb90f5f2c809048ae5d64beecc613c) Importer(815301076,1909f56bfc062723c751e8b465ee728b)
Start importing Assets/Materials/ball-blue.mat using Guid(f3eb90f5f2c809048ae5d64beecc613c) Importer(815301076,1909f56bfc062723c751e8b465ee728b)  -> (artifact id: '0dc458b25faf85fa81c6f734c1614af3') in 0.005936 seconds 
  Import took 0.008033 seconds .

========================================================================
Received Import Request.
  Time since last request: 13.988850 seconds.
  path: Assets/Materials/ball-blue.mat
  artifactKey: Guid(f3eb90f5f2c809048ae5d64beecc613c) Importer(815301076,1909f56bfc062723c751e8b465ee728b)
Start importing Assets/Materials/ball-blue.mat using Guid(f3eb90f5f2c809048ae5d64beecc613c) Importer(815301076,1909f56bfc062723c751e8b465ee728b)  -> (artifact id: 'd2fc365217d66c815f6a69bea09bac72') in 0.007478 seconds 
  Import took 0.009708 seconds .

========================================================================
Received Import Request.
  Time since last request: 3.976532 seconds.
  path: Assets/Materials/ball-green.mat
  artifactKey: Guid(4920bb84e09f5294387a2eed6bb59d10) Importer(815301076,1909f56bfc062723c751e8b465ee728b)
Start importing Assets/Materials/ball-green.mat using Guid(4920bb84e09f5294387a2eed6bb59d10) Importer(815301076,1909f56bfc062723c751e8b465ee728b)  -> (artifact id: 'c32f863f7a85cf3c3346b0e55f94d0ae') in 0.006034 seconds 
  Import took 0.008258 seconds .

========================================================================
Received Import Request.
  Time since last request: 23.391206 seconds.
  path: Assets/Materials/ball-green.mat
  artifactKey: Guid(4920bb84e09f5294387a2eed6bb59d10) Importer(815301076,1909f56bfc062723c751e8b465ee728b)
Start importing Assets/Materials/ball-green.mat using Guid(4920bb84e09f5294387a2eed6bb59d10) Importer(815301076,1909f56bfc062723c751e8b465ee728b)  -> (artifact id: '4a906130cce8edb60241543109ca352e') in 0.006699 seconds 
  Import took 0.008835 seconds .

========================================================================
Received Import Request.
  Time since last request: 3.620342 seconds.
  path: Assets/Materials/ball-white.mat
  artifactKey: Guid(0bc7e80cfdef9a940a54c3cefc68ff94) Importer(815301076,1909f56bfc062723c751e8b465ee728b)
Start importing Assets/Materials/ball-white.mat using Guid(0bc7e80cfdef9a940a54c3cefc68ff94) Importer(815301076,1909f56bfc062723c751e8b465ee728b)  -> (artifact id: '674cf5a0340e1246d7c7a140182b4e04') in 0.006525 seconds 
  Import took 0.008656 seconds .

========================================================================
Received Import Request.
  Time since last request: 14.927283 seconds.
  path: Assets/Materials/ball-white.mat
  artifactKey: Guid(0bc7e80cfdef9a940a54c3cefc68ff94) Importer(815301076,1909f56bfc062723c751e8b465ee728b)
Start importing Assets/Materials/ball-white.mat using Guid(0bc7e80cfdef9a940a54c3cefc68ff94) Importer(815301076,1909f56bfc062723c751e8b465ee728b)  -> (artifact id: '175b93c14dc8372ab658996fb5bd261f') in 0.006199 seconds 
  Import took 0.008440 seconds .

========================================================================
Received Import Request.
  Time since last request: 4.029046 seconds.
  path: Assets/Materials/ball-black.mat
  artifactKey: Guid(c4510997c098302448df98e94599114c) Importer(815301076,1909f56bfc062723c751e8b465ee728b)
Start importing Assets/Materials/ball-black.mat using Guid(c4510997c098302448df98e94599114c) Importer(815301076,1909f56bfc062723c751e8b465ee728b)  -> (artifact id: '68f7b3bce6f0fca7fc7721211d86784c') in 0.006239 seconds 
  Import took 0.008427 seconds .

========================================================================
Received Import Request.
  Time since last request: 135.720800 seconds.
  path: Assets/5-more_colors 1.unity
  artifactKey: Guid(88f94d6779b873c4eb8552d637dcd425) Importer(815301076,1909f56bfc062723c751e8b465ee728b)
Start importing Assets/5-more_colors 1.unity using Guid(88f94d6779b873c4eb8552d637dcd425) Importer(815301076,1909f56bfc062723c751e8b465ee728b)  -> (artifact id: '64f968df73f0afd3145b2905962f03a0') in 0.002025 seconds 
  Import took 0.004134 seconds .

========================================================================
Received Import Request.
  Time since last request: 0.000368 seconds.
  path: Assets/5-more_colors 1.unity
  artifactKey: Guid(88f94d6779b873c4eb8552d637dcd425) Importer(815301076,1909f56bfc062723c751e8b465ee728b)
Start importing Assets/5-more_colors 1.unity using Guid(88f94d6779b873c4eb8552d637dcd425) Importer(815301076,1909f56bfc062723c751e8b465ee728b)  -> (artifact id: '64f968df73f0afd3145b2905962f03a0') in 0.001681 seconds 
  Import took 0.003621 seconds .

========================================================================
Received Import Request.
  Time since last request: 7.620381 seconds.
  path: Assets/6-tags.unity
  artifactKey: Guid(88f94d6779b873c4eb8552d637dcd425) Importer(815301076,1909f56bfc062723c751e8b465ee728b)
Start importing Assets/6-tags.unity using Guid(88f94d6779b873c4eb8552d637dcd425) Importer(815301076,1909f56bfc062723c751e8b465ee728b)  -> (artifact id: 'e34248d51556f004682d4a1d7f1a3fd2') in 0.001920 seconds 
  Import took 0.003982 seconds .

========================================================================
Received Import Request.
  Time since last request: 16.479978 seconds.
  path: Assets
  artifactKey: Guid(00000000000000001000000000000000) Importer(815301076,1909f56bfc062723c751e8b465ee728b)
Start importing Assets using Guid(00000000000000001000000000000000) Importer(815301076,1909f56bfc062723c751e8b465ee728b)  -> (artifact id: '42d402b061de3733987d63b9cc3b64de') in 0.001705 seconds 
  Import took 0.003583 seconds .

========================================================================
Received Import Request.
  Time since last request: 0.000330 seconds.
  path: Assets
  artifactKey: Guid(00000000000000001000000000000000) Importer(815301076,1909f56bfc062723c751e8b465ee728b)
Start importing Assets using Guid(00000000000000001000000000000000) Importer(815301076,1909f56bfc062723c751e8b465ee728b)  -> (artifact id: '42d402b061de3733987d63b9cc3b64de') in 0.001606 seconds 
  Import took 0.003670 seconds .

========================================================================
Received Import Request.
  Time since last request: 19.395780 seconds.
  path: ProjectSettings/TagManager.asset
  artifactKey: Guid(00000000000000003000000000000000) Importer(815301076,1909f56bfc062723c751e8b465ee728b)
Start importing ProjectSettings/TagManager.asset using Guid(00000000000000003000000000000000) Importer(815301076,1909f56bfc062723c751e8b465ee728b)  -> (artifact id: 'ce6a35c3cddc746e7501c0bd0ed6d4ce') in 0.003949 seconds 
  Import took 0.006132 seconds .

========================================================================
Received Import Request.
  Time since last request: 0.000967 seconds.
  path: ProjectSettings/TagManager.asset
  artifactKey: Guid(00000000000000003000000000000000) Importer(815301076,1909f56bfc062723c751e8b465ee728b)
Start importing ProjectSettings/TagManager.asset using Guid(00000000000000003000000000000000) Importer(815301076,1909f56bfc062723c751e8b465ee728b)  -> (artifact id: 'ce6a35c3cddc746e7501c0bd0ed6d4ce') in 0.002200 seconds 
  Import took 0.004243 seconds .

========================================================================
Received Import Request.
  Time since last request: 1572.227949 seconds.
  path: Assets/6-tags 1.unity
  artifactKey: Guid(38e7262afd21dd843ae1dd8bf7da6a5e) Importer(815301076,1909f56bfc062723c751e8b465ee728b)
Start importing Assets/6-tags 1.unity using Guid(38e7262afd21dd843ae1dd8bf7da6a5e) Importer(815301076,1909f56bfc062723c751e8b465ee728b)  -> (artifact id: 'd5992e0fe053b322255396b92b8757a2') in 0.002159 seconds 
  Import took 0.004476 seconds .

========================================================================
Received Import Request.
  Time since last request: 0.000330 seconds.
  path: Assets/6-tags 1.unity
  artifactKey: Guid(38e7262afd21dd843ae1dd8bf7da6a5e) Importer(815301076,1909f56bfc062723c751e8b465ee728b)
Start importing Assets/6-tags 1.unity using Guid(38e7262afd21dd843ae1dd8bf7da6a5e) Importer(815301076,1909f56bfc062723c751e8b465ee728b)  -> (artifact id: 'd5992e0fe053b322255396b92b8757a2') in 0.001843 seconds 
  Import took 0.003326 seconds .

========================================================================
Received Import Request.
  Time since last request: 3.810709 seconds.
  path: Assets/100-textures.unity
  artifactKey: Guid(38e7262afd21dd843ae1dd8bf7da6a5e) Importer(815301076,1909f56bfc062723c751e8b465ee728b)
Start importing Assets/100-textures.unity using Guid(38e7262afd21dd843ae1dd8bf7da6a5e) Importer(815301076,1909f56bfc062723c751e8b465ee728b)  -> (artifact id: 'b1ed7b9203f649051fdeda897eda1399') in 0.001927 seconds 
  Import took 0.004094 seconds .

========================================================================
Received Import Request.
  Time since last request: 55.574747 seconds.
  path: Assets/3-gravity.unity
  artifactKey: Guid(6b4a96117a9c1d2468063088b181b3e3) Importer(815301076,1909f56bfc062723c751e8b465ee728b)
Start importing Assets/3-gravity.unity using Guid(6b4a96117a9c1d2468063088b181b3e3) Importer(815301076,1909f56bfc062723c751e8b465ee728b)  -> (artifact id: '68a61b80666d84a724f374276976e637') in 0.002039 seconds 
  Import took 0.004250 seconds .

========================================================================
Received Import Request.
  Time since last request: 0.000298 seconds.
  path: Assets/3-gravity.unity
  artifactKey: Guid(6b4a96117a9c1d2468063088b181b3e3) Importer(815301076,1909f56bfc062723c751e8b465ee728b)
Start importing Assets/3-gravity.unity using Guid(6b4a96117a9c1d2468063088b181b3e3) Importer(815301076,1909f56bfc062723c751e8b465ee728b)  -> (artifact id: '68a61b80666d84a724f374276976e637') in 0.001913 seconds 
  Import took 0.003879 seconds .

========================================================================
Received Import Request.
  Time since last request: 37.799369 seconds.
  path: Assets/whoops.unity
  artifactKey: Guid(6b4a96117a9c1d2468063088b181b3e3) Importer(815301076,1909f56bfc062723c751e8b465ee728b)
Start importing Assets/whoops.unity using Guid(6b4a96117a9c1d2468063088b181b3e3) Importer(815301076,1909f56bfc062723c751e8b465ee728b)  -> (artifact id: '7efb2173821d2bbd37e2156f4a7398f6') in 0.002118 seconds 
  Import took 0.004253 seconds .

========================================================================
Received Import Request.
  Time since last request: 0.001664 seconds.
  path: Assets/whoops.unity
  artifactKey: Guid(6b4a96117a9c1d2468063088b181b3e3) Importer(815301076,1909f56bfc062723c751e8b465ee728b)
Start importing Assets/whoops.unity using Guid(6b4a96117a9c1d2468063088b181b3e3) Importer(815301076,1909f56bfc062723c751e8b465ee728b)  -> (artifact id: '7efb2173821d2bbd37e2156f4a7398f6') in 0.001729 seconds 
  Import took 0.003462 seconds .

========================================================================
Received Import Request.
  Time since last request: 100.107835 seconds.
  path: Assets/2-colors 1.unity
  artifactKey: Guid(e4b5040f08ea77743bfe2da64193dd34) Importer(815301076,1909f56bfc062723c751e8b465ee728b)
Start importing Assets/2-colors 1.unity using Guid(e4b5040f08ea77743bfe2da64193dd34) Importer(815301076,1909f56bfc062723c751e8b465ee728b)  -> (artifact id: 'ed4a7b48a732a99a2e92b67dd3951843') in 0.002529 seconds 
  Import took 0.004676 seconds .

========================================================================
Received Import Request.
  Time since last request: 0.000422 seconds.
  path: Assets/2-colors 1.unity
  artifactKey: Guid(e4b5040f08ea77743bfe2da64193dd34) Importer(815301076,1909f56bfc062723c751e8b465ee728b)
Start importing Assets/2-colors 1.unity using Guid(e4b5040f08ea77743bfe2da64193dd34) Importer(815301076,1909f56bfc062723c751e8b465ee728b)  -> (artifact id: 'ed4a7b48a732a99a2e92b67dd3951843') in 0.001640 seconds 
  Import took 0.003237 seconds .

========================================================================
Received Import Request.
  Time since last request: 3.232716 seconds.
  path: Assets/3-gravity.unity
  artifactKey: Guid(e4b5040f08ea77743bfe2da64193dd34) Importer(815301076,1909f56bfc062723c751e8b465ee728b)
Start importing Assets/3-gravity.unity using Guid(e4b5040f08ea77743bfe2da64193dd34) Importer(815301076,1909f56bfc062723c751e8b465ee728b)  -> (artifact id: 'ca43a0dfaea389ba284258da90f3ff5f') in 0.001966 seconds 
  Import took 0.004036 seconds .

========================================================================
Received Prepare
Registering precompiled user dll's ...
Registered in 0.003218 seconds.
Begin MonoManager ReloadAssembly
Native extension for LinuxStandalone target not found
Native extension for WindowsStandalone target not found
Refreshing native plugins compatible for Editor in 0.31 ms, found 2 plugins.
Preloading 0 native plugins for Editor in 0.00 ms.
Mono: successfully reloaded assembly
- Completed reload, in  0.737 seconds
Domain Reload Profiling:
	ReloadAssembly (738ms)
		BeginReloadAssembly (95ms)
			ExecutionOrderSort (0ms)
			DisableScriptedObjects (4ms)
			BackupInstance (0ms)
			ReleaseScriptingObjects (0ms)
			CreateAndSetChildDomain (33ms)
		EndReloadAssembly (589ms)
			LoadAssemblies (71ms)
			RebuildTransferFunctionScriptingTraits (0ms)
			SetupTypeCache (206ms)
			ReleaseScriptCaches (1ms)
			RebuildScriptCaches (30ms)
			SetupLoadedEditorAssemblies (208ms)
				LogAssemblyErrors (0ms)
				InitializePlatformSupportModulesInManaged (5ms)
				SetLoadedEditorAssemblies (0ms)
				RefreshPlugins (0ms)
				BeforeProcessingInitializeOnLoad (38ms)
				ProcessInitializeOnLoadAttributes (157ms)
				ProcessInitializeOnLoadMethodAttributes (2ms)
				AfterProcessingInitializeOnLoad (5ms)
				EditorAssembliesLoaded (0ms)
			ExecutionOrderSort2 (0ms)
			AwakeInstancesAfterBackupRestoration (5ms)
Platform modules already initialized, skipping
Refreshing native plugins compatible for Editor in 0.31 ms, found 2 plugins.
Preloading 0 native plugins for Editor in 0.00 ms.
Unloading 1385 Unused Serialized files (Serialized files now loaded: 0)
System memory in use before: 68.8 MB.
System memory in use after: 68.9 MB.

Unloading 16 unused Assets to reduce memory usage. Loaded Objects now: 1885.
Total: 1.703900 ms (FindLiveObjects: 0.206400 ms CreateObjectMapping: 0.035000 ms MarkObjects: 1.408300 ms  DeleteObjects: 0.053300 ms)

AssetImportParameters requested are different than current active one (requested -> active):
  custom:framework-win-MediaFoundation: 216162199b28c13a410421893ffa2e32 -> 
  custom:video-decoder-ogg-theora: a1e56fd34408186e4bbccfd4996cb3dc -> 
  custom:container-muxer-webm: aa71ff27fc2769a1b78a27578f13a17b -> 
  custom:container-demuxer-webm: 4f35f7cbe854078d1ac9338744f61a02 -> 
  custom:container-demuxer-ogg: 62fdf1f143b41e24485cea50d1cbac27 -> 
  custom:video-encoder-webm-vp8: eb34c28f22e8b96e1ab97ce403110664 -> 
  custom:video-decoder-webm-vp8: 9c59270c3fd7afecdb556c50c9e8de78 -> 
  custom:audio-decoder-ogg-vorbis: bf7c407c2cedff20999df2af8eb42d56 -> 
  custom:audio-encoder-webm-vorbis: bf7c407c2cedff20999df2af8eb42d56 -> 
========================================================================
Received Import Request.
  Time since last request: 234.909510 seconds.
  path: Assets/5-more_colors.unity
  artifactKey: Guid(6b4a96117a9c1d2468063088b181b3e3) Importer(815301076,1909f56bfc062723c751e8b465ee728b)
Start importing Assets/5-more_colors.unity using Guid(6b4a96117a9c1d2468063088b181b3e3) Importer(815301076,1909f56bfc062723c751e8b465ee728b)  -> (artifact id: 'b89237118faac1f215cea91137edd099') in 0.009961 seconds 
  Import took 0.012303 seconds .

========================================================================
Received Import Request.
  Time since last request: 28.800067 seconds.
  path: Assets/5-more_colors 1.unity
  artifactKey: Guid(ca92fccfc52ea39478ddb2fc35239d04) Importer(815301076,1909f56bfc062723c751e8b465ee728b)
Start importing Assets/5-more_colors 1.unity using Guid(ca92fccfc52ea39478ddb2fc35239d04) Importer(815301076,1909f56bfc062723c751e8b465ee728b)  -> (artifact id: 'ae6f8c9d26d3e4708052e6761741e9cc') in 0.001840 seconds 
  Import took 0.003915 seconds .

========================================================================
Received Import Request.
  Time since last request: 7.157703 seconds.
  path: Assets/6-tags.unity
  artifactKey: Guid(ca92fccfc52ea39478ddb2fc35239d04) Importer(815301076,1909f56bfc062723c751e8b465ee728b)
Start importing Assets/6-tags.unity using Guid(ca92fccfc52ea39478ddb2fc35239d04) Importer(815301076,1909f56bfc062723c751e8b465ee728b)  -> (artifact id: '7fc17a1c1c778599c0e389f785d8b40e') in 0.002181 seconds 
  Import took 0.004426 seconds .

========================================================================
Received Import Request.
  Time since last request: 53.384548 seconds.
  path: Assets/6-tags 1.unity
  artifactKey: Guid(b2e75e46fe4d83c45998d82f4076c3de) Importer(815301076,1909f56bfc062723c751e8b465ee728b)
Start importing Assets/6-tags 1.unity using Guid(b2e75e46fe4d83c45998d82f4076c3de) Importer(815301076,1909f56bfc062723c751e8b465ee728b)  -> (artifact id: '4c3db40b714b4dfd4e6a19b2dae7c3a7') in 0.001786 seconds 
  Import took 0.003785 seconds .

========================================================================
Received Import Request.
  Time since last request: 5.404175 seconds.
  path: Assets/100-textures.unity
  artifactKey: Guid(b2e75e46fe4d83c45998d82f4076c3de) Importer(815301076,1909f56bfc062723c751e8b465ee728b)
Start importing Assets/100-textures.unity using Guid(b2e75e46fe4d83c45998d82f4076c3de) Importer(815301076,1909f56bfc062723c751e8b465ee728b)  -> (artifact id: 'ac8af401d4820b4f31f491f5057f98a8') in 0.002041 seconds 
  Import took 0.004211 seconds .

========================================================================
Received Import Request.
  Time since last request: 27.586384 seconds.
  path: Assets/Textures
  artifactKey: Guid(ff4da17b77a74e1479f5f3e76c4d3cb1) Importer(815301076,1909f56bfc062723c751e8b465ee728b)
Start importing Assets/Textures using Guid(ff4da17b77a74e1479f5f3e76c4d3cb1) Importer(815301076,1909f56bfc062723c751e8b465ee728b)  -> (artifact id: '30c35c2ec3e97628c75e2e590eb61114') in 0.002051 seconds 
  Import took 0.004297 seconds .

========================================================================
Received Import Request.
  Time since last request: 0.000703 seconds.
  path: Assets/Textures
  artifactKey: Guid(ff4da17b77a74e1479f5f3e76c4d3cb1) Importer(815301076,1909f56bfc062723c751e8b465ee728b)
Start importing Assets/Textures using Guid(ff4da17b77a74e1479f5f3e76c4d3cb1) Importer(815301076,1909f56bfc062723c751e8b465ee728b)  -> (artifact id: '30c35c2ec3e97628c75e2e590eb61114') in 0.001762 seconds 
  Import took 0.004112 seconds .

========================================================================
Received Import Request.
  Time since last request: 33.121345 seconds.
  path: Assets/Textures/New Lighting Settings.lighting
  artifactKey: Guid(7911b1d2c3d15b74eb6176faf4626f79) Importer(815301076,1909f56bfc062723c751e8b465ee728b)
Start importing Assets/Textures/New Lighting Settings.lighting using Guid(7911b1d2c3d15b74eb6176faf4626f79) Importer(815301076,1909f56bfc062723c751e8b465ee728b)  -> (artifact id: 'b64b4393aa7887495fd96408019b57ab') in 0.002472 seconds 
  Import took 0.004814 seconds .

========================================================================
Received Import Request.
  Time since last request: 2.477194 seconds.
  path: Assets/Textures/ball-texture.renderTexture
  artifactKey: Guid(5f99e6c657f93474ca5f9e58e0807b95) Importer(815301076,1909f56bfc062723c751e8b465ee728b)
Start importing Assets/Textures/ball-texture.renderTexture using Guid(5f99e6c657f93474ca5f9e58e0807b95) Importer(815301076,1909f56bfc062723c751e8b465ee728b)  -> (artifact id: '787ed78a996f285b6f600632920f9478') in 0.025520 seconds 
  Import took 0.027664 seconds .

========================================================================
Received Import Request.
  Time since last request: 46.739674 seconds.
  path: Assets/Textures/ball-texture.asset
  artifactKey: Guid(f37d982510a41434cb72b43b2f9543f2) Importer(815301076,1909f56bfc062723c751e8b465ee728b)
Start importing Assets/Textures/ball-texture.asset using Guid(f37d982510a41434cb72b43b2f9543f2) Importer(815301076,1909f56bfc062723c751e8b465ee728b)  -> (artifact id: '39a30a9c355f1b7e1a677de97fcc5849') in 0.009835 seconds 
  Import took 0.012332 seconds .

========================================================================
Received Import Request.
  Time since last request: 475.625491 seconds.
  path: Assets/60FPS_ASThunder_05_Shock.png
  artifactKey: Guid(4f8b40025220348469c6f9c4307c3d87) Importer(815301076,1909f56bfc062723c751e8b465ee728b)
Start importing Assets/60FPS_ASThunder_05_Shock.png using Guid(4f8b40025220348469c6f9c4307c3d87) Importer(815301076,1909f56bfc062723c751e8b465ee728b)  -> (artifact id: '0399f49f309b9262f2748ed4ae125f3b') in 0.032739 seconds 
  Import took 0.035065 seconds .

========================================================================
Received Import Request.
  Time since last request: 399.458431 seconds.
  path: Assets/Textures/TexturesCom_Pipe_AluminiumCollapsed_0.30x0.30_512_albedo.tif
  artifactKey: Guid(8d0688767deb52141a8edd1f0f946c6f) Importer(815301076,1909f56bfc062723c751e8b465ee728b)
Start importing Assets/Textures/TexturesCom_Pipe_AluminiumCollapsed_0.30x0.30_512_albedo.tif using Guid(8d0688767deb52141a8edd1f0f946c6f) Importer(815301076,1909f56bfc062723c751e8b465ee728b)  -> (artifact id: '95d36fe0f032962ffaf8624bce9f3786') in 0.009830 seconds 
  Import took 0.012266 seconds .

========================================================================
Received Import Request.
  Time since last request: 12.423921 seconds.
  path: Packages/com.unity.ext.nunit/package.json
  artifactKey: Guid(8143d3a8390f2c64685e3bc272bd9e90) Importer(815301076,1909f56bfc062723c751e8b465ee728b)
Start importing Packages/com.unity.ext.nunit/package.json using Guid(8143d3a8390f2c64685e3bc272bd9e90) Importer(815301076,1909f56bfc062723c751e8b465ee728b)  -> (artifact id: '36f449bd9ed4a92e06d659da724da745') in 0.007808 seconds 
  Import took 0.009958 seconds .

========================================================================
Received Import Request.
  Time since last request: 1.562315 seconds.
  path: Assets/Materials/60FPS_ASThunder_05_Shock.mat
  artifactKey: Guid(f0e91ff95cbb74041ab897ca87c00c6a) Importer(815301076,1909f56bfc062723c751e8b465ee728b)
Start importing Assets/Materials/60FPS_ASThunder_05_Shock.mat using Guid(f0e91ff95cbb74041ab897ca87c00c6a) Importer(815301076,1909f56bfc062723c751e8b465ee728b)  -> (artifact id: '234b072e8bf5b00f795a332158cd9e24') in 0.026364 seconds 
  Import took 0.028919 seconds .

========================================================================
Received Import Request.
  Time since last request: 0.000213 seconds.
  path: Assets/Materials/ball-texture.mat
  artifactKey: Guid(e6b1f570d347aa645aa059e0b0672bfb) Importer(815301076,1909f56bfc062723c751e8b465ee728b)
Start importing Assets/Materials/ball-texture.mat using Guid(e6b1f570d347aa645aa059e0b0672bfb) Importer(815301076,1909f56bfc062723c751e8b465ee728b)  -> (artifact id: 'a7e8916ecb436868f699f03e7b3a08f7') in 0.006384 seconds 
  Import took 0.008552 seconds .

========================================================================
Received Import Request.
  Time since last request: 20.235645 seconds.
  path: Assets/Textures/ball-texture.tif
  artifactKey: Guid(8d0688767deb52141a8edd1f0f946c6f) Importer(815301076,1909f56bfc062723c751e8b465ee728b)
Start importing Assets/Textures/ball-texture.tif using Guid(8d0688767deb52141a8edd1f0f946c6f) Importer(815301076,1909f56bfc062723c751e8b465ee728b)  -> (artifact id: 'f2333b732144af2ba56147c3e61a7e8b') in 0.004883 seconds 
  Import took 0.006934 seconds .

========================================================================
Received Import Request.
  Time since last request: 145.097899 seconds.
  path: Assets/Textures/TexturesCom_Pipe_AluminiumCollapsed_0.30x0.30_512_height.tif
  artifactKey: Guid(da44895016a4e4a43965811817c1b74b) Importer(815301076,1909f56bfc062723c751e8b465ee728b)
Start importing Assets/Textures/TexturesCom_Pipe_AluminiumCollapsed_0.30x0.30_512_height.tif using Guid(da44895016a4e4a43965811817c1b74b) Importer(815301076,1909f56bfc062723c751e8b465ee728b)  -> (artifact id: 'ca8ab244afb3bcb7db9d5a25373d55de') in 0.006075 seconds 
  Import took 0.008568 seconds .

========================================================================
Received Import Request.
  Time since last request: 0.004618 seconds.
  path: Assets/Textures/TexturesCom_Pipe_AluminiumCollapsed_0.30x0.30_512_height.tif
  artifactKey: Guid(da44895016a4e4a43965811817c1b74b) Importer(815301076,1909f56bfc062723c751e8b465ee728b)
Start importing Assets/Textures/TexturesCom_Pipe_AluminiumCollapsed_0.30x0.30_512_height.tif using Guid(da44895016a4e4a43965811817c1b74b) Importer(815301076,1909f56bfc062723c751e8b465ee728b)  -> (artifact id: 'ca8ab244afb3bcb7db9d5a25373d55de') in 0.006577 seconds 
  Import took 0.008772 seconds .

========================================================================
Received Import Request.
  Time since last request: 22.682003 seconds.
  path: Assets/Textures/ball-texture.tif
  artifactKey: Guid(da44895016a4e4a43965811817c1b74b) Importer(815301076,1909f56bfc062723c751e8b465ee728b)
Start importing Assets/Textures/ball-texture.tif using Guid(da44895016a4e4a43965811817c1b74b) Importer(815301076,1909f56bfc062723c751e8b465ee728b)  -> (artifact id: 'd86ceb4bfb7842ec4114a2e1c66b6b26') in 0.005152 seconds 
  Import took 0.007270 seconds .

AssetImportWorkerClient::OnTransportError - code=2 error=End of file
